04/01/2020 21:48:42 - WARNING - __main__ -   Process rank: -1, device: cuda, n_gpu: 1, distributed training: False, 16-bits training: False
04/01/2020 21:48:43 - INFO - transformers.configuration_utils -   loading configuration file https://s3.amazonaws.com/models.huggingface.co/bert/bert-base-uncased-config.json from cache at /home/fs45/.cache/torch/transformers/4dad0251492946e18ac39290fcfe91b89d370fee250efe9521476438fe8ca185.8f56353af4a709bf5ff0fbc915d8f5b42bfff892cbb6ac98c3c45f481a03c685
04/01/2020 21:48:43 - INFO - transformers.configuration_utils -   Model config BertConfig {
  "_num_labels": 2,
  "architectures": [
    "BertForMaskedLM"
  ],
  "attention_probs_dropout_prob": 0.1,
  "bos_token_id": null,
  "do_sample": false,
  "early_stopping": false,
  "eos_token_ids": null,
  "finetuning_task": "blimptask",
  "hidden_act": "gelu",
  "hidden_dropout_prob": 0.1,
  "hidden_size": 768,
  "id2label": {
    "0": "LABEL_0",
    "1": "LABEL_1"
  },
  "initializer_range": 0.02,
  "intermediate_size": 3072,
  "is_decoder": false,
  "label2id": {
    "LABEL_0": 0,
    "LABEL_1": 1
  },
  "layer_norm_eps": 1e-12,
  "length_penalty": 1.0,
  "max_length": 20,
  "max_position_embeddings": 512,
  "model_type": "bert",
  "num_attention_heads": 12,
  "num_beams": 1,
  "num_hidden_layers": 12,
  "num_return_sequences": 1,
  "output_attentions": false,
  "output_hidden_states": false,
  "output_past": true,
  "pad_token_id": null,
  "pruned_heads": {},
  "repetition_penalty": 1.0,
  "temperature": 1.0,
  "top_k": 50,
  "top_p": 1.0,
  "torchscript": false,
  "type_vocab_size": 2,
  "use_bfloat16": false,
  "vocab_size": 30522
}

04/01/2020 21:48:43 - INFO - transformers.tokenization_utils -   loading file https://s3.amazonaws.com/models.huggingface.co/bert/bert-base-uncased-vocab.txt from cache at /home/fs45/.cache/torch/transformers/26bc1ad6c0ac742e9b52263248f6d0f00068293b33709fae12320c0e35ccfbbb.542ce4285a40d23a559526243235df47c5f75c197f04f37d1a0c124c32c9a084
04/01/2020 21:48:43 - INFO - transformers.modeling_utils -   loading weights file https://s3.amazonaws.com/models.huggingface.co/bert/bert-base-uncased-pytorch_model.bin from cache at /home/fs45/.cache/torch/transformers/aa1ef1aede4482d0dbcd4d52baad8ae300e60902e88fcb0bebdec09afd232066.36ca03ab34a1a5d5fa7bc3d03d55c4fa650fed07220e2eeebc06ce58d0e9a157
04/01/2020 21:48:52 - INFO - transformers.modeling_utils -   Weights of BertForSequenceClassification not initialized from pretrained model: ['classifier.weight', 'classifier.bias']
04/01/2020 21:48:52 - INFO - transformers.modeling_utils -   Weights from pretrained model not used in BertForSequenceClassification: ['cls.predictions.bias', 'cls.predictions.transform.dense.weight', 'cls.predictions.transform.dense.bias', 'cls.predictions.decoder.weight', 'cls.seq_relationship.weight', 'cls.seq_relationship.bias', 'cls.predictions.transform.LayerNorm.weight', 'cls.predictions.transform.LayerNorm.bias']
04/01/2020 21:48:57 - INFO - __main__ -   Training/evaluation parameters Namespace(adam_epsilon=1e-08, cache_dir='', config_name='', data_dir='/scratch/fs45/nlu/data/blimp/data//blimptask', device=device(type='cuda'), do_eval=True, do_lower_case=False, do_train=True, eval_all_checkpoints=False, evaluate_during_training=False, fp16=False, fp16_opt_level='O1', gradient_accumulation_steps=1, learning_rate=2e-05, local_rank=-1, logging_steps=500, max_grad_norm=1.0, max_seq_length=128, max_steps=-1, model_name_or_path='bert-base-uncased', model_type='bert', n_gpu=1, no_cuda=False, num_train_epochs=3.0, output_dir='/scratch/fs45/nlu/blimptask_run/', output_mode='classification', overwrite_cache=False, overwrite_output_dir=False, per_gpu_eval_batch_size=8, per_gpu_train_batch_size=8, save_steps=500, seed=42, server_ip='', server_port='', task_name='blimptask', tokenizer_name='', warmup_steps=0, weight_decay=0.0)
04/01/2020 21:48:57 - INFO - __main__ -   Creating features from dataset file at /scratch/fs45/nlu/data/blimp/data//blimptask
04/01/2020 21:48:57 - INFO - transformers.data.processors.glue -   LOOKING AT /scratch/fs45/nlu/data/blimp/data//blimptask/anaphor_gender_agreement.txt
04/01/2020 21:48:57 - INFO - transformers.data.processors.glue -   Writing example 0/2000
Traceback (most recent call last):
  File "/scratch/fs45/nlu/code/transformers/examples/run_glue.py", line 701, in <module>
    main()
  File "/scratch/fs45/nlu/code/transformers/examples/run_glue.py", line 649, in main
    train_dataset = load_and_cache_examples(args, args.task_name, tokenizer, evaluate=False)
  File "/scratch/fs45/nlu/code/transformers/examples/run_glue.py", line 403, in load_and_cache_examples
    pad_token_segment_id=4 if args.model_type in ["xlnet"] else 0,
  File "/scratch/fs45/nlu/code/transformers/src/transformers/data/processors/glue.py", line 121, in glue_convert_examples_to_features
    label = label_map[example.label]
KeyError: '1'
