05/02/2020 14:01:45 - WARNING - __main__ -   Process rank: -1, device: cuda, n_gpu: 1, distributed training: False, 16-bits training: False
05/02/2020 14:01:45 - INFO - transformers.configuration_utils -   loading configuration file https://s3.amazonaws.com/models.huggingface.co/bert/roberta-large-config.json from cache at /home/fs45/.cache/torch/transformers/c22e0b5bbb7c0cb93a87a2ae01263ae715b4c18d692b1740ce72cacaa99ad184.2d28da311092e99a05f9ee17520204614d60b0bfdb32f8a75644df7737b6a748
05/02/2020 14:01:45 - INFO - transformers.configuration_utils -   Model config RobertaConfig {
  "_num_labels": 2,
  "architectures": [
    "RobertaForMaskedLM"
  ],
  "attention_probs_dropout_prob": 0.1,
  "bos_token_id": 0,
  "do_sample": false,
  "early_stopping": false,
  "eos_token_id": 2,
  "eos_token_ids": null,
  "finetuning_task": "blimptask",
  "hidden_act": "gelu",
  "hidden_dropout_prob": 0.1,
  "hidden_size": 1024,
  "id2label": {
    "0": "LABEL_0",
    "1": "LABEL_1"
  },
  "initializer_range": 0.02,
  "intermediate_size": 4096,
  "is_decoder": false,
  "label2id": {
    "LABEL_0": 0,
    "LABEL_1": 1
  },
  "layer_norm_eps": 1e-05,
  "length_penalty": 1.0,
  "max_length": 20,
  "max_position_embeddings": 514,
  "model_type": "roberta",
  "num_attention_heads": 16,
  "num_beams": 1,
  "num_hidden_layers": 24,
  "num_return_sequences": 1,
  "output_attentions": false,
  "output_hidden_states": false,
  "output_past": true,
  "pad_token_id": 1,
  "pruned_heads": {},
  "repetition_penalty": 1.0,
  "temperature": 1.0,
  "top_k": 50,
  "top_p": 1.0,
  "torchscript": false,
  "type_vocab_size": 1,
  "use_bfloat16": false,
  "vocab_size": 50265
}

05/02/2020 14:01:45 - INFO - transformers.tokenization_utils -   loading file https://s3.amazonaws.com/models.huggingface.co/bert/roberta-large-vocab.json from cache at /home/fs45/.cache/torch/transformers/1ae1f5b6e2b22b25ccc04c000bb79ca847aa226d0761536b011cf7e5868f0655.ef00af9e673c7160b4d41cfda1f48c5f4cba57d5142754525572a846a1ab1b9b
05/02/2020 14:01:45 - INFO - transformers.tokenization_utils -   loading file https://s3.amazonaws.com/models.huggingface.co/bert/roberta-large-merges.txt from cache at /home/fs45/.cache/torch/transformers/f8f83199a6270d582d6245dc100e99c4155de81c9745c6248077018fe01abcfb.70bec105b4158ed9a1747fea67a43f5dee97855c64d62b6ec3742f4cfdb5feda
05/02/2020 14:01:45 - INFO - transformers.modeling_utils -   loading weights file https://s3.amazonaws.com/models.huggingface.co/bert/roberta-large-pytorch_model.bin from cache at /home/fs45/.cache/torch/transformers/195c00f28dc68ef13a307c6db84d566f801f03b2b6bcf8b29524f10f767fac2a.fc7abf72755ecc4a75d0d336a93c1c63358d2334f5998ed326f3b0da380bf536
05/02/2020 14:02:10 - INFO - transformers.modeling_utils -   Weights of RobertaForSequenceClassification not initialized from pretrained model: ['classifier.dense.weight', 'classifier.dense.bias', 'classifier.out_proj.weight', 'classifier.out_proj.bias']
05/02/2020 14:02:10 - INFO - transformers.modeling_utils -   Weights from pretrained model not used in RobertaForSequenceClassification: ['lm_head.bias', 'lm_head.dense.weight', 'lm_head.dense.bias', 'lm_head.layer_norm.weight', 'lm_head.layer_norm.bias', 'lm_head.decoder.weight']
05/02/2020 14:02:15 - INFO - __main__ -   Training/evaluation parameters Namespace(adam_epsilon=1e-08, cache_dir='', config_name='', data_dir='/scratch/fs45/nlu/data/blimp/data//blimptask', device=device(type='cuda'), do_eval=True, do_lower_case=False, do_train=True, eval_all_checkpoints=False, evaluate_during_training=False, fp16=False, fp16_opt_level='O1', gradient_accumulation_steps=1, learning_rate=2e-05, local_rank=-1, logging_steps=500, max_grad_norm=1.0, max_seq_length=128, max_steps=-1, model_name_or_path='roberta-large', model_type='roberta', n_gpu=1, no_cuda=False, num_train_epochs=3.0, output_dir='/scratch/fs45/nlu/blimptask_run/', output_mode='classification', overwrite_cache=False, overwrite_output_dir=False, per_gpu_eval_batch_size=8, per_gpu_train_batch_size=8, save_steps=500, seed=42, server_ip='', server_port='', task_name='blimptask', tokenizer_name='', warmup_steps=0, weight_decay=0.0)
05/02/2020 14:02:15 - INFO - __main__ -   Creating features from dataset file at /scratch/fs45/nlu/data/blimp/data//blimptask
Traceback (most recent call last):
  File "/scratch/fs45/nlu/code/transformers/examples/run_glue.py", line 739, in <module>
    main()
  File "/scratch/fs45/nlu/code/transformers/examples/run_glue.py", line 687, in main
    train_dataset = load_and_cache_examples(args, args.task_name, tokenizer, evaluate=False)
  File "/scratch/fs45/nlu/code/transformers/examples/run_glue.py", line 431, in load_and_cache_examples
    processor.get_dev_examples(args.data_dir) if evaluate else processor.get_train_examples(args.data_dir)
  File "/scratch/fs45/nlu/code/transformers/src/transformers/data/processors/glue.py", line 230, in get_train_examples
    return self._create_examples(self._read_tsv(os.path.join(data_dir, "raisng_train.txt")), "train")
  File "/scratch/fs45/nlu/code/transformers/src/transformers/data/processors/utils.py", line 126, in _read_tsv
    with open(input_file, "r", encoding="utf-8-sig") as f:
FileNotFoundError: [Errno 2] No such file or directory: '/scratch/fs45/nlu/data/blimp/data//blimptask/raisng_train.txt'
